Case #1: 0.45 0.2 0.1 0.2 0.45 
Case #2: 1.0 
Case #3: 0.5 0.5 
Case #4: 1.0 0.0 
Case #5: 1.0 0.0 
Case #6: 0.5 1.0 
Case #7: 0.5 0.5 
Case #8: 1.0 0.0 
Case #9: 0.0 1.0 
Case #10: 1.0 0.0 
Case #11: 0.1 0.2 0.30000000000000004 0.4 0.5 0.5 0.4 0.30000000000000004 0.2 0.1 
Case #12: 0.09696969696969697 0.19696969696969696 0.296969696969697 0.39696969696969703 0.496969696969697 0.006060606060606061 0.496969696969697 0.39696969696969703 0.296969696969697 0.19696969696969696 0.09696969696969697 
Case #13: 0.0 0.1 0.2 0.30000000000000004 0.4 0.2 0.4 0.30000000000000004 0.2 0.1 0.0 
Case #14: 0.6000000000000001 0.4 0.2 0.0 0.0 0.0 0.0 0.0 0.1 0.2 0.2 0.1 0.0 0.0 0.0 
Case #15: 0.49999999999999994 0.1875 0.18749999999999997 0.125 0.0625 0.0625 0.5 0.1875 0.18749999999999997 0.125 0.0625 0.0625 
Case #16: 0.49999999999999994 0.24 0.09333333333333332 0.1933333333333333 0.16 0.08 0.08 0.09333333333333334 0.06 0.02666666666666667 0.04 0.03333333333333333 0.49999999999999994 0.23999999999999996 0.09333333333333332 0.1933333333333333 0.16 0.08 0.08 0.09333333333333334 0.06 0.02666666666666667 0.04 0.03333333333333333 
Case #17: 1.0 0.37500000000000006 0.125 0.0 0.16666666666666669 0.08333333333333333 0.0 0.08333333333333331 0.041666666666666664 0.0 0.041666666666666664 0.08333333333333333 0.0 0.0 0.5416666666666666 0.29166666666666663 0.12499999999999999 0.16666666666666669 0.16666666666666663 0.125 0.041666666666666664 0.041666666666666664 
Case #18: 0.6 0.25 0.2 0.15000000000000002 0.1 0.25 0.1 0.07500000000000001 0.05 0.1 0.037500000000000006 0.025 0.037500000000000006 0.0125 0.0125 
Case #19: 0.2 0.0 0.0 0.0 0.0 0.2 0.0 0.0 0.0 0.2 0.0 0.0 0.2 0.0 0.2 
Case #20: 0.0 0.25 0.0 0.0 0.0 0.0 0.25 0.0 0.0 0.0 0.25 0.0 0.0 0.25 0.0 
Case #21: 0.07142857142857142 0.09523809523809523 0.07142857142857142 0.14285714285714285 0.047619047619047616 0.0 0.0 0.2857142857142857 0.07142857142857142 0.11904761904761904 0.5714285714285714 0.07142857142857142 0.11904761904761904 
Case #22: 0.3072870615974064 0.07554155614500442 0.020833333333333332 0.04669540229885057 0.006944444444444444 0.07554155614500442 0.006944444444444444 0.3072870615974064 0.2013888888888889 0.07554155614500442 0.006944444444444444 0.025180518715001474 0.07554155614500442 0.07554155614500442 0.025180518715001474 0.0 0.07554155614500442 0.07554155614500442 0.07554155614500442 0.006944444444444444 0.40469348659003834 0.3072870615974064 
Case #23: 0.25 0.25 0.25 0.25 
Case #24: 0.0 0.0 0.0 0.1111111111111111 0.0 0.3333333333333333 0.0 0.0 0.0 0.1111111111111111 0.3333333333333333 0.0 0.3333333333333333 0.0 0.0 0.0 0.0 0.0 0.1111111111111111 0.0 0.0 
Case #25: 0.0 0.16666666666666666 0.16666666666666666 0.0 0.0 0.0 0.5 0.0 0.0 0.0 0.0 0.0 0.0 0.0 0.0 0.16666666666666666 0.16666666666666666 0.16666666666666666 0.0 0.16666666666666666 
Case #26: 0.08333333333333333 0.5 0.6666666666666666 0.0 0.08333333333333333 0.0 0.0 0.0 0.0 0.0 0.0 0.0 0.0 0.0 0.0 0.0 0.08333333333333333 0.5 0.08333333333333333 0.0 
Case #27: 0.1 0.0 0.1 0.1 0.0 0.5 0.1 0.1 
Case #28: 0.0 0.5 0.0 0.5 
Case #29: 0.0 0.25 0.5 0.5 0.75 0.5 0.0 
Case #30: 0.0 0.0 0.0 0.25 0.20833333333333331 0.25 0.0 0.08333333333333333 0.0 0.0 0.0 0.0 0.0 0.20833333333333331 0.16666666666666666 
Case #31: 0.25 0.25 0.25 0.25 
Case #32: 0.0 0.0 0.25 0.020833333333333332 0.5 0.0 0.25 0.020833333333333332 0.0 0.0 0.020833333333333332 0.0 0.0 0.020833333333333332 0.0 0.020833333333333332 0.020833333333333332 0.020833333333333332 0.0 0.0 0.020833333333333332 0.020833333333333332 0.020833333333333332 0.020833333333333332 0.020833333333333332 
Case #33: 0.08333333333333333 0.08333333333333333 0.08333333333333333 0.047619047619047616 0.047619047619047616 0.0 0.0 0.0 0.0 0.0 0.3333333333333333 0.047619047619047616 0.047619047619047616 0.08333333333333333 0.0 0.047619047619047616 0.0 0.047619047619047616 0.047619047619047616 
Case #34: 0.5 0.0 0.0 0.5 0.0 0.0 0.0 
Case #35: 0.2 0.0 0.0 0.0 0.6000000000000001 0.0 0.0 0.0 0.0 0.0 0.0 0.2 0.0 0.0 0.0 0.2 0.0 0.0 0.0 0.8 0.0 
Case #36: 0.0 0.3333333333333333 0.0 0.0 0.0 0.0 0.0 0.3333333333333333 0.16666666666666666 0.0 0.16666666666666666 0.0 0.0 
Case #37: 0.0 0.2857142857142857 0.4999999999999999 0.0 0.0 0.4999999999999999 0.0 0.0 0.14285714285714285 0.42857142857142855 0.14285714285714285 0.0 0.0 0.42857142857142855 0.0 0.14285714285714285 0.0 0.0 
Case #38: 0.05 0.125 0.125 0.05 0.05 0.05 0.0 0.05 0.55 0.25 
Case #39: 0.0 0.0 0.0 0.25 0.0 0.0 0.0 0.0 0.25 0.0 0.75 0.0 0.0 0.0 0.0 0.0 0.0 0.0 0.0 0.0 
Case #40: 0.16666666666666666 0.41666666666666663 0.16666666666666666 0.08333333333333333 0.08333333333333333 0.41666666666666663 
Case #41: 0.3333333333333333 0.41666666666666663 0.41666666666666663 0.16666666666666666 
Case #42: 0.03571428571428571 0.125 0.125 0.125 0.03571428571428571 0.375 0.0 0.0 0.03571428571428571 0.03571428571428571 0.125 0.03571428571428571 0.03571428571428571 0.03571428571428571 
Case #43: 0.25 0.25 0.25 0.0 0.25 
Case #44: 0.1111111111111111 0.3333333333333333 0.1111111111111111 0.1111111111111111 0.0 0.0 0.6666666666666666 
Case #45: 0.0 0.0 0.0 0.0 0.0 0.0 0.0 1.0 0.0 0.0 0.0 0.0 0.0 0.0 0.0 0.0 0.0 0.0 0.0 0.0 0.0 0.0 0.0 0.0 
Case #46: 0.0 0.25 0.0 0.0 0.0 0.0 0.0 0.0 0.0 0.0 0.0 0.0 0.0 0.25 0.25 0.25 0.0 
Case #47: 0.0 0.3269230769230769 0.07692307692307693 0.038461538461538464 0.038461538461538464 0.0 0.038461538461538464 0.038461538461538464 0.038461538461538464 0.07692307692307693 0.038461538461538464 0.038461538461538464 0.3269230769230769 0.0 0.038461538461538464 0.0 0.038461538461538464 
Case #48: 0.2777777777777778 0.16666666666666666 0.05555555555555555 0.16666666666666666 0.16666666666666666 0.05555555555555555 0.0 0.05555555555555555 0.0 0.0 0.3333333333333333 
Case #49: 0.0 0.1111111111111111 0.0 0.0 0.16666666666666666 0.0 0.16666666666666666 0.0 0.1111111111111111 0.1111111111111111 0.4444444444444444 
Case #50: 0.0 0.0 0.0 0.0 0.5 0.0 0.0 0.0 0.0 0.0 0.0 0.0 0.0 0.25 0.0 0.0 0.25 0.0 0.0 0.0 0.0 
Case #51: 0.0 0.3333333333333333 0.41666666666666663 0.0 0.0 0.16666666666666666 0.41666666666666663 
Case #52: 0.2 0.03333333333333333 0.03333333333333333 0.6000000000000001 0.03333333333333333 0.0 0.2 0.0 0.03333333333333333 0.03333333333333333 0.03333333333333333 0.03333333333333333 0.03333333333333333 0.03333333333333333 0.03333333333333333 0.03333333333333333 0.2 0.03333333333333333 0.0 
Case #53: 0.16666666666666666 0.0 0.3333333333333333 0.16666666666666666 0.0 0.5 
Case #54: 0.02564102564102564 0.7628205128205128 0.02564102564102564 0.02564102564102564 0.0673076923076923 0.0673076923076923 0.02564102564102564 0.0673076923076923 0.02564102564102564 0.0673076923076923 0.0673076923076923 0.0673076923076923 0.0673076923076923 0.20512820512820512 0.0673076923076923 
Case #55: 0.0 0.16666666666666666 0.0 0.0 0.16666666666666666 0.3333333333333333 0.16666666666666666 0.0 0.0 0.16666666666666666 0.16666666666666666 0.6666666666666666 0.0 
Case #56: 0.0 0.0 0.0 0.0 0.0 0.0 0.5 0.0 0.5 0.0 0.0 0.0 
Case #57: 0.0 0.0 0.0 0.0 0.0 0.0 0.0 0.0 0.0 0.0 0.0 0.0 0.0 0.0 0.0 0.0 1.0 0.0 0.0 0.0 0.0 0.0 0.0 0.0 
Case #58: 0.5 0.5 0.0 0.0 
Case #59: 0.6666666666666666 0.0 0.0 0.0 0.0 0.0 0.16666666666666666 0.0 0.0 0.3333333333333333 0.0 0.16666666666666666 0.0 0.0 
Case #60: 0.0 0.25 0.25 1.0 0.0 
Case #61: 0.25 0.08333333333333333 0.03571428571428571 0.08333333333333333 0.07142857142857142 0.0 0.03571428571428571 0.08333333333333333 0.07142857142857142 0.03571428571428571 0.3214285714285714 0.3214285714285714 
Case #62: 0.0 0.06666666666666667 0.06666666666666667 0.06666666666666667 0.06666666666666667 0.3333333333333333 0.16666666666666666 0.0 0.16666666666666666 0.3333333333333333 0.06666666666666667 
Case #63: 0.041666666666666664 0.041666666666666664 0.041666666666666664 0.041666666666666664 0.1 0.1 0.041666666666666664 0.1 0.041666666666666664 0.041666666666666664 0.1 0.041666666666666664 0.041666666666666664 0.041666666666666664 0.041666666666666664 0.1 0.041666666666666664 
Case #64: 0.0 0.0 0.0 0.0 0.0 0.125 0.0 0.0 0.125 0.125 0.0 0.0 0.0 0.0 0.125 0.125 0.5 0.625 0.0 0.0 0.0 0.125 
Case #65: 0.0664488017429194 0.0010893246187363835 0.06546662380799315 0.0 0.0664488017429194 0.0664488017429194 0.0 0.16466659523554414 0.06546662380799315 0.06546662380799315 0.16466659523554414 0.06546662380799315 0.0664488017429194 0.06546662380799315 0.16466659523554414 0.0664488017429194 0.06546662380799315 0.06546662380799315 0.16466659523554414 0.06546662380799315 0.06546662380799315 0.010911103967998857 0.16466659523554414 0.16466659523554414 0.06546662380799315 
Case #66: 0.25 0.25 0.25 0.25 
Case #67: 0.03571428571428571 0.25 0.03571428571428571 0.03571428571428571 0.0 0.0 0.125 0.125 0.125 0.25 0.03571428571428571 0.03571428571428571 0.03571428571428571 0.03571428571428571 0.125 
Case #68: 0.0 0.0 0.14285714285714285 0.14285714285714285 0.047619047619047616 0.2857142857142857 0.14285714285714285 0.42857142857142855 0.0 0.14285714285714285 0.0 0.047619047619047616 0.07142857142857142 0.07142857142857142 0.047619047619047616 
Case #69: 0.0 0.0 0.0 0.25 0.5 0.25 
Case #70: 0.03333333333333333 0.25 0.0 0.4083333333333333 0.016666666666666666 0.4083333333333333 0.03333333333333333 0.03333333333333333 0.03333333333333333 0.03333333333333333 0.3333333333333333 0.03333333333333333 0.03333333333333333 0.0 0.16666666666666666 
Case #71: 0.07142857142857142 0.023809523809523808 0.07142857142857142 0.20634920634920634 0.07142857142857142 0.07142857142857142 0.023809523809523808 0.20634920634920634 0.20634920634920634 0.5873015873015872 
Case #72: 0.06666666666666667 0.125 0.0 0.65 0.0 0.375 0.06666666666666667 0.025 0.0 0.15 0.125 0.0 0.0 0.0 0.0 0.06666666666666667 0.075 0.0 0.025 0.15 0.0 
Case #73: 0.2 0.0 0.2 0.02857142857142857 0.2 0.0 0.0 0.0 0.0 0.02857142857142857 0.02857142857142857 0.0 0.0 0.02857142857142857 0.6000000000000001 0.0 0.02857142857142857 0.02857142857142857 0.02857142857142857 0.0 0.0 
Case #74: 0.0 0.0 1.0 0.0 0.0 0.0 0.0 
Case #75: 0.0 0.0 0.0 0.0 0.0 0.0 0.0 0.0 0.0 0.0 0.0 0.0 0.0 0.3333333333333333 0.0 0.0 0.0 0.3333333333333333 0.0 0.0 0.0 0.6666666666666666 0.0 
Case #76: 0.9583333333333333 0.0 0.0 0.0 0.041666666666666664 0.16666666666666666 0.0 0.15277777777777776 0.125 0.0 0.0 0.16666666666666666 0.0 0.15277777777777776 0.15277777777777776 0.0 0.16666666666666666 0.0 0.0 0.0 
Case #77: 0.0 0.0 0.2 0.1 0.4 0.0 0.0 0.0 0.4 0.0 0.0 0.1 0.0 0.2 0.0 
Case #78: 0.15476190476190477 0.21428571428571427 0.03571428571428571 0.15476190476190477 0.03571428571428571 0.15476190476190477 0.15476190476190477 0.21428571428571427 0.15476190476190477 0.0 0.15476190476190477 
Case #79: 0.875 0.125 0.125 0.125 0.125 
Case #80: 0.0 0.0 0.0 0.0 0.0 0.0 0.0 0.0 0.0 0.0 0.0 0.0 0.0 0.0 0.0 0.0 0.0 0.0 0.0 1.0 0.0 0.0 0.0 
Case #81: 0.25 0.5 0.25 0.25 0.0 0.0 0.0 
Case #82: 0.027777777777777776 0.18518518518518517 0.027777777777777776 0.0 0.18518518518518517 0.2222222222222222 0.027777777777777776 0.3333333333333333 0.0 0.027777777777777776 0.0 0.0 0.0 0.18518518518518517 0.3333333333333333 0.1111111111111111 0.1111111111111111 0.05555555555555555 0.2222222222222222 0.05555555555555555 0.2222222222222222 0.0 0.0 
Case #83: 0.14285714285714285 0.041666666666666664 0.041666666666666664 0.14285714285714285 0.14285714285714285 0.041666666666666664 0.14285714285714285 0.041666666666666664 0.041666666666666664 0.0 0.041666666666666664 0.14285714285714285 0.041666666666666664 0.041666666666666664 0.041666666666666664 0.14285714285714285 0.041666666666666664 0.041666666666666664 0.14285714285714285 0.041666666666666664 
Case #84: 0.06666666666666667 0.2 0.17777777777777776 0.39999999999999997 0.17777777777777776 0.06666666666666667 0.17777777777777776 
Case #85: 0.008695652173913044 0.04239130434782609 0.06956521739130435 0.04239130434782609 0.04239130434782609 0.04239130434782609 0.04239130434782609 0.06956521739130435 0.06666666666666667 0.04239130434782609 0.008695652173913044 0.06666666666666667 0.017391304347826087 0.008695652173913044 0.06666666666666667 0.40869565217391307 0.008695652173913044 0.0 0.04239130434782609 0.10869565217391305 0.04239130434782609 0.008695652173913044 0.10869565217391305 0.0 
Case #86: 0.16666666666666666 0.0 0.3333333333333333 0.16666666666666666 0.3333333333333333 
Case #87: 0.0 0.0 0.027777777777777776 0.0 0.08333333333333333 0.2777777777777778 0.0 0.08333333333333333 0.027777777777777776 0.0 0.027777777777777776 0.0 0.2777777777777778 0.0 0.2777777777777778 0.08333333333333333 0.027777777777777776 0.027777777777777776 0.08333333333333333 0.027777777777777776 
Case #88: 0.041666666666666664 0.0 0.25 0.0 0.0 0.125 0.0 0.16666666666666666 0.5 0.041666666666666664 0.0 0.0 0.625 0.0 0.041666666666666664 0.125 0.375 
Case #89: 0.06666666666666667 0.0 0.08333333333333333 0.0 0.08333333333333333 0.06666666666666667 0.08333333333333333 0.06666666666666667 0.0 0.08333333333333333 0.06666666666666667 0.06666666666666667 0.0 0.3333333333333333 
Case #90: 0.5 0.0 0.0 0.0 0.0 0.0 0.5 0.0 0.0 0.0 0.0 0.0 
Case #91: 0.0 0.375 0.125 0.0625 0.375 0.0625 0.0 0.25 0.0 0.0 0.0625 0.125 0.125 0.0625 0.0625 0.0 0.0625 0.0 0.0 0.0 
Case #92: 0.07142857142857142 0.07142857142857142 0.07142857142857142 0.125 0.07142857142857142 0.07142857142857142 0.07142857142857142 0.125 0.125 0.07142857142857142 0.125 
Case #93: 0.5 0.0 0.5 
Case #94: 0.0 0.08333333333333333 0.125 0.0 0.5 0.08333333333333333 0.125 0.25 0.125 0.0 0.0 0.0 0.125 0.125 0.0 0.0 0.125 0.125 0.0 0.08333333333333333 0.125 
Case #95: 0.06666666666666667 0.0 0.06666666666666667 0.6666666666666666 0.0 0.06666666666666667 0.06666666666666667 0.06666666666666667 0.0 0.3333333333333333 0.0 
Case #96: 0.0 0.0 0.0 0.0 0.0 0.0 0.0 0.0 0.0 0.0 1.0 0.0 0.0 0.0 0.0 0.0 0.0 0.0 0.0 
Case #97: 0.0 0.0 0.0 0.1875 0.0625 0.125 0.0 0.0 0.0625 0.625 0.0 0.125 0.0 0.0 0.1875 0.0 0.125 0.0625 0.0 0.0 0.0 0.0625 0.25 
Case #98: 0.0 0.0 0.3333333333333333 0.6666666666666666 0.0 0.3333333333333333 
Case #99: 0.0 0.0 0.0 0.14285714285714285 0.42857142857142855 0.14285714285714285 0.2857142857142857 0.14285714285714285 0.0 0.0 0.5714285714285714 0.14285714285714285 0.0 0.0 0.0 0.0 0.0 0.0 
Case #100: 0.0 0.25 0.25 0.125 0.0 0.0 0.0 0.0 0.125 0.125 0.0 0.125 
